2018-01-29 08:07:35,852 - instagram_scraper.app - WARNING - Failed to get media details for BehqRv9A83v
2018-01-29 08:07:36,623 - instagram_scraper.app - WARNING - Failed to get media details for BehqSG-A3qi
2018-01-29 08:07:38,294 - instagram_scraper.app - WARNING - Failed to get media details for BehqwetnsNa
2018-01-29 08:07:39,080 - instagram_scraper.app - WARNING - Failed to get media details for BehqwwTnKL6
2018-01-29 08:07:39,847 - instagram_scraper.app - WARNING - Failed to get media details for Behqw7SnFa8
2018-01-29 08:07:40,648 - instagram_scraper.app - WARNING - Failed to get media details for BehqxDpHtdI
2018-01-29 08:07:41,423 - instagram_scraper.app - WARNING - Failed to get media details for BehqxQVHFGU
2018-01-29 08:07:42,200 - instagram_scraper.app - WARNING - Failed to get media details for BehqxdHn6ii
2018-01-29 08:07:42,988 - instagram_scraper.app - WARNING - Failed to get media details for Behqxm2nif6
2018-01-29 08:07:44,387 - instagram_scraper.app - WARNING - Failed to get media details for Behqw0kBTN8
2018-01-29 08:07:45,172 - instagram_scraper.app - WARNING - Failed to get media details for Behqw-CBidY
2018-01-29 08:07:45,964 - instagram_scraper.app - WARNING - Failed to get media details for BehqxGmhben
2018-01-29 08:07:46,755 - instagram_scraper.app - WARNING - Failed to get media details for BehqxQThwoR
2018-01-29 08:07:47,530 - instagram_scraper.app - WARNING - Failed to get media details for BehqxaZBPmk
2018-01-29 08:07:48,317 - instagram_scraper.app - WARNING - Failed to get media details for BehqxlBhuMB
2018-01-29 08:07:49,103 - instagram_scraper.app - WARNING - Failed to get media details for BehqxvghRZz
2018-01-29 08:07:53,401 - instagram_scraper.app - WARNING - Failed to get media details for BehpeXJltIP
2018-01-29 08:07:54,181 - instagram_scraper.app - WARNING - Failed to get media details for BehpeeLFdr6
2018-01-29 08:07:54,944 - instagram_scraper.app - WARNING - Failed to get media details for Behpellla-d
2018-01-29 08:07:55,723 - instagram_scraper.app - WARNING - Failed to get media details for BehpeuHlv0S
2018-01-29 08:07:57,360 - instagram_scraper.app - WARNING - Failed to get media details for Behpz3hFINT
2018-01-29 08:07:58,143 - instagram_scraper.app - WARNING - Failed to get media details for Behp5lslWbc
2018-01-29 08:07:58,922 - instagram_scraper.app - WARNING - Failed to get media details for Behpz28F0m9
2018-01-29 08:07:59,713 - instagram_scraper.app - WARNING - Failed to get media details for Behp5XpFKKH
2018-01-29 08:08:00,488 - instagram_scraper.app - WARNING - Failed to get media details for Behp5mtF4dh
2018-01-29 08:08:01,268 - instagram_scraper.app - WARNING - Failed to get media details for Behp5mzlH5o
2018-01-29 08:08:02,044 - instagram_scraper.app - WARNING - Failed to get media details for Behp5yVF731
2018-01-29 08:08:03,914 - instagram_scraper.app - WARNING - Failed to get media details for BehqzYKnaEg
2018-01-29 08:08:04,679 - instagram_scraper.app - WARNING - Failed to get media details for Behq0AcnADU
2018-01-29 08:08:05,438 - instagram_scraper.app - WARNING - Failed to get media details for BehqzsenA-A
2018-01-29 08:08:06,205 - instagram_scraper.app - WARNING - Failed to get media details for BehqyB3HsYn
2018-01-29 08:08:09,189 - instagram_scraper.app - WARNING - Failed to get media details for Behqp8qgLKw
2018-01-29 08:08:09,982 - instagram_scraper.app - WARNING - Failed to get media details for Behqp_YgMOV
2018-01-29 08:08:10,757 - instagram_scraper.app - WARNING - Failed to get media details for Behqp_Zg_AY
2018-01-29 08:08:11,592 - instagram_scraper.app - WARNING - Failed to get media details for BehqqBAgDx7
2018-01-29 08:08:12,370 - instagram_scraper.app - WARNING - Failed to get media details for BehqqCzg4S8
2018-01-29 08:08:13,146 - instagram_scraper.app - WARNING - Failed to get media details for BehqqF4gcbX
2018-01-29 08:08:13,926 - instagram_scraper.app - WARNING - Failed to get media details for BehqqI6gNlk
2018-01-29 08:08:15,787 - instagram_scraper.app - WARNING - Failed to get media details for Behqzw1guHk
2018-01-29 08:08:16,545 - instagram_scraper.app - WARNING - Failed to get media details for Behqzy5Avt3
2018-01-29 08:08:17,329 - instagram_scraper.app - WARNING - Failed to get media details for Behqz6uFu6Z
2018-01-29 08:08:17,576 - instagram_scraper.app - WARNING - Failed to get media details for Behqz6uFu6Z
2018-01-29 08:08:19,702 - instagram_scraper.app - WARNING - Failed to get media details for BehqSswh3TG
2018-01-29 08:08:20,465 - instagram_scraper.app - WARNING - Failed to get media details for BehqS-8hOHB
2018-01-29 08:08:21,319 - instagram_scraper.app - WARNING - Failed to get media details for BehqzupDs9U
2018-01-29 08:08:21,557 - instagram_scraper.app - WARNING - Failed to get media details for BehqzupDs9U
2018-01-29 08:08:23,419 - instagram_scraper.app - WARNING - Failed to get media details for Behp7ubAQp_
2018-01-29 08:08:24,194 - instagram_scraper.app - WARNING - Failed to get media details for Behp74pAXqT
2018-01-29 08:08:27,503 - instagram_scraper.app - WARNING - Failed to get media details for Behqwsfn6G7
2018-01-29 08:08:28,293 - instagram_scraper.app - WARNING - Failed to get media details for Behqw0knLLZ
2018-01-29 08:08:29,090 - instagram_scraper.app - WARNING - Failed to get media details for Behqw8LnBOT
2018-01-29 08:08:29,887 - instagram_scraper.app - WARNING - Failed to get media details for BehqxIQHR2K
2018-01-29 08:08:30,665 - instagram_scraper.app - WARNING - Failed to get media details for BehqxPjnfS6
2018-01-29 08:08:31,458 - instagram_scraper.app - WARNING - Failed to get media details for BehqxYKnz9G
2018-01-29 08:08:32,261 - instagram_scraper.app - WARNING - Failed to get media details for BehqxgLnAuy
2018-01-29 08:08:33,055 - instagram_scraper.app - WARNING - Failed to get media details for BehqxoenN32
2018-01-29 08:08:35,190 - instagram_scraper.app - WARNING - Failed to get media details for BehqvUkFFkb
2018-01-29 08:08:35,945 - instagram_scraper.app - WARNING - Failed to get media details for BehqveOlNEz
2018-01-29 08:08:37,005 - instagram_scraper.app - WARNING - Failed to get media details for BehqzIxH5Bj
2018-01-29 08:08:37,248 - instagram_scraper.app - WARNING - Failed to get media details for BehqzIxH5Bj
2018-01-29 08:08:39,182 - instagram_scraper.app - WARNING - Failed to get media details for Beho8VelMAk
2018-01-29 08:08:39,974 - instagram_scraper.app - WARNING - Failed to get media details for Beho8Z2Fckm
2018-01-29 08:08:40,767 - instagram_scraper.app - WARNING - Failed to get media details for Beho8W2l1aD
2018-01-29 08:08:41,568 - instagram_scraper.app - WARNING - Failed to get media details for Beho869lp_X
2018-01-29 08:08:44,051 - instagram_scraper.app - WARNING - Failed to get media details for BehqtMgBzGR
2018-01-29 08:08:44,834 - instagram_scraper.app - WARNING - Failed to get media details for BehqvhkB3vj
2018-01-29 08:08:45,630 - instagram_scraper.app - WARNING - Failed to get media details for BehqvxchwuM
2018-01-29 08:08:46,431 - instagram_scraper.app - WARNING - Failed to get media details for Behqt7ChklL
2018-01-29 08:08:47,218 - instagram_scraper.app - WARNING - Failed to get media details for BehqwGHBDSw
2018-01-29 08:08:48,001 - instagram_scraper.app - WARNING - Failed to get media details for Behqv9tBMuD
2018-01-29 08:08:48,795 - instagram_scraper.app - WARNING - Failed to get media details for BehqxMGhrSo
2018-01-29 08:08:49,574 - instagram_scraper.app - WARNING - Failed to get media details for BehqxhPBUAk
2018-01-29 08:08:50,371 - instagram_scraper.app - WARNING - Failed to get media details for BehqyPiBXLP
2018-01-29 08:08:51,265 - instagram_scraper.app - WARNING - Failed to get media details for BehqyOUh_O0
2018-01-29 08:08:53,427 - instagram_scraper.app - WARNING - Failed to get media details for Behqw25Auk9
2018-01-29 08:08:54,209 - instagram_scraper.app - WARNING - Failed to get media details for BehqxL6ghwf
2018-01-29 08:08:54,982 - instagram_scraper.app - WARNING - Failed to get media details for BehqxkDgWFR
2018-01-29 08:08:55,755 - instagram_scraper.app - WARNING - Failed to get media details for BehqyLVAkaU
2018-01-29 08:08:56,533 - instagram_scraper.app - WARNING - Failed to get media details for Behqyg9gw9X
2018-01-29 08:08:58,991 - instagram_scraper.app - WARNING - Failed to get media details for BehqmX8BmHX
2018-01-29 08:08:59,759 - instagram_scraper.app - WARNING - Failed to get media details for BehqmxLB2FQ
2018-01-29 08:09:00,532 - instagram_scraper.app - WARNING - Failed to get media details for BehqnIVhG5l
2018-01-29 08:09:01,297 - instagram_scraper.app - WARNING - Failed to get media details for BehqnV3hsV6
2018-01-29 08:09:03,782 - instagram_scraper.app - WARNING - Failed to get media details for Behqx8rn0dF
2018-01-29 08:09:04,557 - instagram_scraper.app - WARNING - Failed to get media details for BehqyB2HZfc
2018-01-29 08:09:05,327 - instagram_scraper.app - WARNING - Failed to get media details for BehqyBkHDJd
2018-01-29 08:09:06,093 - instagram_scraper.app - WARNING - Failed to get media details for BehqyIIHRC9
2018-01-29 08:09:06,856 - instagram_scraper.app - WARNING - Failed to get media details for BehqyGdnlAz
2018-01-29 08:09:11,793 - instagram_scraper.app - WARNING - Failed to get media details for BehqLoDFpXw
2018-01-29 08:09:12,563 - instagram_scraper.app - WARNING - Failed to get media details for BehqLysFslK
2018-01-29 08:09:16,143 - instagram_scraper.app - WARNING - Failed to get media details for BehquyJgR9k
2018-01-29 08:09:16,915 - instagram_scraper.app - WARNING - Failed to get media details for BehqvCXAvPg
2018-01-29 08:09:17,710 - instagram_scraper.app - WARNING - Failed to get media details for BehqvXdg_Sq
2018-01-29 08:09:17,950 - instagram_scraper.app - WARNING - Failed to get media details for BehqxewH0Du
2018-01-29 08:09:18,190 - instagram_scraper.app - WARNING - Failed to get media details for BehqxewH0Du
2018-01-29 08:09:18,728 - instagram_scraper.app - WARNING - Failed to get media details for BehqxeAnjYB
2018-01-29 08:09:18,970 - instagram_scraper.app - WARNING - Failed to get media details for BehqxeAnjYB
2018-01-29 08:09:22,436 - instagram_scraper.app - WARNING - Failed to get media details for BehpsI9Bxw2
2018-01-29 08:09:23,228 - instagram_scraper.app - WARNING - Failed to get media details for BehpsUUhvHB
2018-01-29 08:09:24,016 - instagram_scraper.app - WARNING - Failed to get media details for BehpsdYhMsU
2018-01-29 08:09:24,793 - instagram_scraper.app - WARNING - Failed to get media details for BehpsnFhN52
2018-01-29 08:09:25,571 - instagram_scraper.app - WARNING - Failed to get media details for BehpsxwBOLS
2018-01-29 08:09:26,353 - instagram_scraper.app - WARNING - Failed to get media details for Behps6sBJzZ
2018-01-29 08:09:29,876 - instagram_scraper.app - WARNING - Failed to get media details for Behqugcnnqv
2018-01-29 08:09:30,656 - instagram_scraper.app - WARNING - Failed to get media details for BehqurTHS5x
2018-01-29 08:09:31,441 - instagram_scraper.app - WARNING - Failed to get media details for Behqu0fHk7n
2018-01-29 08:09:32,209 - instagram_scraper.app - WARNING - Failed to get media details for Behqu-tnpkW
2018-01-29 08:09:33,024 - instagram_scraper.app - WARNING - Failed to get media details for BehqvGqH4Z-
2018-01-29 08:09:33,813 - instagram_scraper.app - WARNING - Failed to get media details for BehqvPFH30C
2018-01-29 08:09:34,913 - instagram_scraper.app - WARNING - Failed to get media details for Behqw_EHxHb
2018-01-29 08:09:35,158 - instagram_scraper.app - WARNING - Failed to get media details for Behqw_EHxHb
2018-01-29 08:09:36,228 - instagram_scraper.app - WARNING - Failed to get media details for Behqwx8A-xs
2018-01-29 08:09:37,005 - instagram_scraper.app - WARNING - Failed to get media details for BehqwTQgq5f
2018-01-29 08:09:41,969 - instagram_scraper.app - WARNING - Failed to get media details for Behp1PgB9uy
2018-01-29 08:09:42,748 - instagram_scraper.app - WARNING - Failed to get media details for BehqhVehWPn
2018-01-29 08:09:43,524 - instagram_scraper.app - WARNING - Failed to get media details for BehqrjEhoCu
2018-01-29 08:09:46,512 - instagram_scraper.app - WARNING - Failed to get media details for Behqr-3guK-
2018-01-29 08:09:47,289 - instagram_scraper.app - WARNING - Failed to get media details for BehqsSugNIY
2018-01-29 08:09:48,060 - instagram_scraper.app - WARNING - Failed to get media details for BehqskLgYM4
2018-01-29 08:09:50,315 - instagram_scraper.app - WARNING - Failed to get media details for BehqklpgVLO
2018-01-29 08:09:51,095 - instagram_scraper.app - WARNING - Failed to get media details for Behqkx8g2qu
2018-01-29 08:09:51,887 - instagram_scraper.app - WARNING - Failed to get media details for Behqk8Vgako
2018-01-29 08:09:52,686 - instagram_scraper.app - WARNING - Failed to get media details for BehqlKIApOg
2018-01-29 08:09:53,465 - instagram_scraper.app - WARNING - Failed to get media details for BehqlV7AKIC
2018-01-29 08:09:54,255 - instagram_scraper.app - WARNING - Failed to get media details for BehqlhzAMYC
2018-01-29 08:09:55,035 - instagram_scraper.app - WARNING - Failed to get media details for BehqltWgpt8
2018-01-29 08:09:56,672 - instagram_scraper.app - WARNING - Failed to get media details for Behqvm0nA3I
2018-01-29 08:09:57,446 - instagram_scraper.app - WARNING - Failed to get media details for BehqwE-HdJm
2018-01-29 08:10:03,689 - instagram_scraper.app - WARNING - Failed to get media details for BehqqPXFRM0
2018-01-29 08:10:04,533 - instagram_scraper.app - WARNING - Failed to get media details for Behqo8HFcGF
2018-01-29 08:10:08,063 - instagram_scraper.app - WARNING - Failed to get media details for BehqpcsHr21
2018-01-29 08:10:08,814 - instagram_scraper.app - WARNING - Failed to get media details for Behqp4qngjB
2018-01-29 08:10:11,165 - instagram_scraper.app - WARNING - Failed to get media details for BehqRchAzhz
2018-01-29 08:10:12,004 - instagram_scraper.app - WARNING - Failed to get media details for BehqRk5g5Wc
2018-01-29 08:10:12,797 - instagram_scraper.app - WARNING - Failed to get media details for BehqRkuA0yL
2018-01-29 08:10:13,577 - instagram_scraper.app - WARNING - Failed to get media details for BehqRlBgrc9
2018-01-29 08:10:18,946 - instagram_scraper.app - WARNING - Failed to get media details for BehqtvGhbkH
2018-01-29 08:10:19,829 - instagram_scraper.app - WARNING - Failed to get media details for Behqt3_hWPp
2018-01-29 08:10:20,608 - instagram_scraper.app - WARNING - Failed to get media details for Behqt4CB40u
2018-01-29 08:10:21,376 - instagram_scraper.app - WARNING - Failed to get media details for BehqujVB583
2018-01-29 08:10:22,147 - instagram_scraper.app - WARNING - Failed to get media details for Behqu_rBnx6
2018-01-29 08:10:23,221 - instagram_scraper.app - WARNING - Failed to get media details for BehqtaaB9Gt
2018-01-29 08:10:24,015 - instagram_scraper.app - WARNING - Failed to get media details for BehqteQhgwR
2018-01-29 08:10:26,460 - instagram_scraper.app - WARNING - Failed to get media details for BehqdJhHu1Y
2018-01-29 08:10:27,219 - instagram_scraper.app - WARNING - Failed to get media details for BehqdWbnx19
2018-01-29 08:10:28,840 - instagram_scraper.app - WARNING - Failed to get media details for Behqt54FSrz
2018-01-29 08:10:31,709 - instagram_scraper.app - WARNING - Failed to get media details for Behqt7pl8Tt
2018-01-29 08:10:33,577 - instagram_scraper.app - WARNING - Failed to get media details for BehqufvH4Hs
2018-01-29 08:10:34,335 - instagram_scraper.app - WARNING - Failed to get media details for BehqughnPl4
2018-01-29 08:10:35,388 - instagram_scraper.app - WARNING - Failed to get media details for BehqlmEhCNt
2018-01-29 08:10:36,149 - instagram_scraper.app - WARNING - Failed to get media details for BehqlnNB-mu
2018-01-29 08:10:38,399 - instagram_scraper.app - WARNING - Failed to get media details for BehqsatlhDg
2018-01-29 08:10:39,173 - instagram_scraper.app - WARNING - Failed to get media details for Behqsk8l0Rm
2018-01-29 08:10:40,509 - instagram_scraper.app - WARNING - Failed to get media details for Behqt43B9h5
2018-01-29 08:10:41,269 - instagram_scraper.app - WARNING - Failed to get media details for BehquUEBKtU
2018-01-29 08:10:42,029 - instagram_scraper.app - WARNING - Failed to get media details for BehquZ-BknQ
2018-01-29 08:10:44,802 - instagram_scraper.app - WARNING - Failed to get media details for BehquSBgLyk
2018-01-29 08:10:45,591 - instagram_scraper.app - WARNING - Failed to get media details for BehquWKA4AM
2018-01-29 08:10:46,366 - instagram_scraper.app - WARNING - Failed to get media details for BehqubpAiOA
2018-01-29 08:10:47,151 - instagram_scraper.app - WARNING - Failed to get media details for BehqughA2qE
2018-01-29 08:10:48,066 - instagram_scraper.app - WARNING - Failed to get media details for BehquotAuiY
2018-01-29 08:10:48,312 - instagram_scraper.app - WARNING - Failed to get media details for BehquotAuiY
2018-01-29 08:10:49,412 - instagram_scraper.app - WARNING - Failed to get media details for BehquffgMz9
2018-01-29 08:10:50,193 - instagram_scraper.app - WARNING - Failed to get media details for BehqoOBAqwZ
2018-01-29 08:10:51,245 - instagram_scraper.app - WARNING - Failed to get media details for BehqtYUAt6D
2018-01-29 08:10:52,003 - instagram_scraper.app - WARNING - Failed to get media details for Behqtpugqm-
2018-01-29 08:10:52,780 - instagram_scraper.app - WARNING - Failed to get media details for Behqt_MgHWn
2018-01-29 08:10:53,548 - instagram_scraper.app - WARNING - Failed to get media details for BehquPwgdza
2018-01-29 08:10:55,160 - instagram_scraper.app - WARNING - Failed to get media details for BehqgwjgUmd
2018-01-29 08:10:55,929 - instagram_scraper.app - WARNING - Failed to get media details for BehqhB2g1oL
2018-01-29 08:10:56,697 - instagram_scraper.app - WARNING - Failed to get media details for BehqhPlg9Gz
2018-01-29 08:10:57,464 - instagram_scraper.app - WARNING - Failed to get media details for Behqhb5Ar5x
2018-01-29 08:10:58,253 - instagram_scraper.app - WARNING - Failed to get media details for BehqhlJgkEt
2018-01-29 08:10:59,900 - instagram_scraper.app - WARNING - Failed to get media details for Behque5BUG7
2018-01-29 08:11:00,143 - instagram_scraper.app - WARNING - Failed to get media details for Behque5BUG7
2018-01-29 08:11:01,538 - instagram_scraper.app - WARNING - Failed to get media details for BehqgoDnYPC
2018-01-29 08:11:02,318 - instagram_scraper.app - WARNING - Failed to get media details for BehqgyxHzox
2018-01-29 08:11:03,101 - instagram_scraper.app - WARNING - Failed to get media details for Behqg77n9mh
2018-01-29 08:11:03,903 - instagram_scraper.app - WARNING - Failed to get media details for BehqhFLHdIi
2018-01-29 08:11:04,686 - instagram_scraper.app - WARNING - Failed to get media details for BehqhPTnIwc
2018-01-29 08:11:05,458 - instagram_scraper.app - WARNING - Failed to get media details for Behqha3HhQd
2018-01-29 08:11:10,618 - instagram_scraper.app - WARNING - Failed to get media details for BehqsynHMI2
2018-01-29 08:11:11,388 - instagram_scraper.app - WARNING - Failed to get media details for BehqtaknOnB
2018-01-29 08:11:12,159 - instagram_scraper.app - WARNING - Failed to get media details for Behqtkan_m3
2018-01-29 08:11:12,928 - instagram_scraper.app - WARNING - Failed to get media details for Behqtw-nTyY
2018-01-29 08:11:14,016 - instagram_scraper.app - WARNING - Failed to get media details for Beho-H6BTeT
2018-01-29 08:11:14,805 - instagram_scraper.app - WARNING - Failed to get media details for Beho-fmBB4k
2018-01-29 08:11:15,588 - instagram_scraper.app - WARNING - Failed to get media details for Beho_sPhy3_
2018-01-29 08:11:16,482 - instagram_scraper.app - WARNING - Failed to get media details for Beho_pbBQPb
2018-01-29 08:11:17,299 - instagram_scraper.app - WARNING - Failed to get media details for Beho_W6BvIc
2018-01-29 08:11:18,076 - instagram_scraper.app - WARNING - Failed to get media details for Beho_ichAes
2018-01-29 08:11:18,866 - instagram_scraper.app - WARNING - Failed to get media details for Beho_RoBaUR
2018-01-29 08:11:20,373 - instagram_scraper.app - WARNING - Failed to get media details for BehqqKfFVmx
2018-01-29 08:11:21,171 - instagram_scraper.app - WARNING - Failed to get media details for BehqqS3FbYC
2018-01-29 08:11:21,958 - instagram_scraper.app - WARNING - Failed to get media details for BehqqcJFvW1
2018-01-29 08:11:22,723 - instagram_scraper.app - WARNING - Failed to get media details for BehqqlGFguP
2018-01-29 08:11:24,594 - instagram_scraper.app - WARNING - Failed to get media details for BehqtNchDZ8
2018-01-29 08:11:25,376 - instagram_scraper.app - WARNING - Failed to get media details for BehqtYth2tl
2018-01-29 08:11:27,244 - instagram_scraper.app - WARNING - Failed to get media details for BehqfgjArhD
2018-01-29 08:11:28,018 - instagram_scraper.app - WARNING - Failed to get media details for Behqf0pgFij
2018-01-29 08:11:28,799 - instagram_scraper.app - WARNING - Failed to get media details for Behqf-YAUuX
2018-01-29 08:11:46,739 - instagram_scraper.app - WARNING - Failed to get media details for BehqrvOhaLH
2018-01-29 08:11:47,503 - instagram_scraper.app - WARNING - Failed to get media details for Behqr67hRrf
2018-01-29 08:11:52,475 - instagram_scraper.app - WARNING - Failed to get media details for BehqrZqnIeZ
2018-01-29 08:11:53,233 - instagram_scraper.app - WARNING - Failed to get media details for BehqrklHutQ
2018-01-29 08:11:53,991 - instagram_scraper.app - WARNING - Failed to get media details for BehqrgtHTz2
2018-01-29 08:11:59,402 - instagram_scraper.app - WARNING - Failed to get media details for BehqRudF4-M
2018-01-29 08:12:00,177 - instagram_scraper.app - WARNING - Failed to get media details for BehqRvAla_q
2018-01-29 08:12:02,108 - instagram_scraper.app - WARNING - Failed to get media details for BehqrCdAkbD
2018-01-29 08:12:02,870 - instagram_scraper.app - WARNING - Failed to get media details for BehqrGGAe8D
2018-01-29 08:12:06,752 - instagram_scraper.app - WARNING - Failed to get media details for BehpwYalO4F
2018-01-29 08:12:07,539 - instagram_scraper.app - WARNING - Failed to get media details for BehpwhoFo6Y
2018-01-29 08:12:08,318 - instagram_scraper.app - WARNING - Failed to get media details for BehpwrNFlBr
2018-01-29 08:12:09,100 - instagram_scraper.app - WARNING - Failed to get media details for Behpwy6lxwl
2018-01-29 08:12:10,688 - instagram_scraper.app - WARNING - Failed to get media details for Behpw74lgm6
2018-01-29 08:12:12,093 - instagram_scraper.app - WARNING - Failed to get media details for BehqqkxlZVE
2018-01-29 08:12:12,900 - instagram_scraper.app - WARNING - Failed to get media details for Behqqlul0uw
2018-01-29 08:12:13,684 - instagram_scraper.app - WARNING - Failed to get media details for BehqqmIFjox
2018-01-29 08:12:14,466 - instagram_scraper.app - WARNING - Failed to get media details for BehqqtxlB5b
2018-01-29 08:12:15,263 - instagram_scraper.app - WARNING - Failed to get media details for BehqquxFpN2
2018-01-29 08:12:16,044 - instagram_scraper.app - WARNING - Failed to get media details for Behqqu2Fo33
2018-01-29 08:12:16,844 - instagram_scraper.app - WARNING - Failed to get media details for Behqq07l831
2018-01-29 08:12:17,900 - instagram_scraper.app - WARNING - Failed to get media details for BehqglxnKg2
2018-01-29 08:12:18,672 - instagram_scraper.app - WARNING - Failed to get media details for BehqgqDnrBF
2018-01-29 08:12:21,116 - instagram_scraper.app - WARNING - Failed to get media details for Behqp4tHHj6
2018-01-29 08:12:21,881 - instagram_scraper.app - WARNING - Failed to get media details for Behqp5pnpSS
2018-01-29 08:12:22,656 - instagram_scraper.app - WARNING - Failed to get media details for Behqp7rH0c7
2018-01-29 08:12:25,745 - instagram_scraper.app - WARNING - Failed to get media details for BehqQsyge4a
2018-01-29 08:12:26,522 - instagram_scraper.app - WARNING - Failed to get media details for BehqThbAvZW
2018-01-29 08:12:27,311 - instagram_scraper.app - WARNING - Failed to get media details for BehqWm8gLFs
2018-01-29 08:12:28,095 - instagram_scraper.app - WARNING - Failed to get media details for BehqZ8WAj7x
2018-01-29 08:12:28,874 - instagram_scraper.app - WARNING - Failed to get media details for BehqcNWA_iq
2018-01-29 08:12:29,666 - instagram_scraper.app - WARNING - Failed to get media details for Behqedcg5B1
2018-01-29 08:12:30,468 - instagram_scraper.app - WARNING - Failed to get media details for BehqhE7goRK
2018-01-29 08:12:31,796 - instagram_scraper.app - WARNING - Failed to get media details for BehqqUuA3XY
2018-01-29 08:12:32,568 - instagram_scraper.app - WARNING - Failed to get media details for BehqqZlARl7
2018-01-29 08:12:33,333 - instagram_scraper.app - WARNING - Failed to get media details for BehqqZSgiKt
2018-01-29 08:12:34,103 - instagram_scraper.app - WARNING - Failed to get media details for BehqqaegX1a
2018-01-29 08:12:35,994 - instagram_scraper.app - WARNING - Failed to get media details for BehqqJ0HrbF
2018-01-29 08:12:36,755 - instagram_scraper.app - WARNING - Failed to get media details for BehqqSMnJ7R
2018-01-29 08:12:39,239 - instagram_scraper.app - WARNING - Failed to get media details for BehqnbanPsX
2018-01-29 08:12:40,016 - instagram_scraper.app - WARNING - Failed to get media details for BehqnkKnlcn
2018-01-29 08:12:40,785 - instagram_scraper.app - WARNING - Failed to get media details for BehqnvnHifm
2018-01-29 08:12:41,563 - instagram_scraper.app - WARNING - Failed to get media details for Behqn5znk7c
2018-01-29 08:12:42,347 - instagram_scraper.app - WARNING - Failed to get media details for BehqoIyHRL8
